{"/Users/edwardsuwirya/Desktop/React-Native/my-app/src/global.js": {"path":"/Users/edwardsuwirya/Desktop/React-Native/my-app/src/global.js","statementMap":{},"fnMap":{},"branchMap":{},"s":{},"f":{},"b":{},"_coverageSchema":"1a1c01bbd47fc00a2c39e90264f33305004495a9","hash":"d6a221d6d283abedfd37781230c19573d72a20c3"}
,"/Users/edwardsuwirya/Desktop/React-Native/my-app/src/sum.js": {"path":"/Users/edwardsuwirya/Desktop/React-Native/my-app/src/sum.js","statementMap":{"0":{"start":{"line":2,"column":4},"end":{"line":2,"column":17}}},"fnMap":{"0":{"name":"sum","decl":{"start":{"line":1,"column":16},"end":{"line":1,"column":19}},"loc":{"start":{"line":1,"column":26},"end":{"line":3,"column":1}},"line":1}},"branchMap":{},"s":{"0":1},"f":{"0":1},"b":{},"_coverageSchema":"1a1c01bbd47fc00a2c39e90264f33305004495a9","hash":"c15820322d89442faf939d83ed37c84205c6384d"}
,"/Users/edwardsuwirya/Desktop/React-Native/my-app/src/components/LoadingModal.js": {"path":"/Users/edwardsuwirya/Desktop/React-Native/my-app/src/components/LoadingModal.js","statementMap":{"0":{"start":{"line":4,"column":21},"end":{"line":17,"column":1}},"1":{"start":{"line":5,"column":4},"end":{"line":16,"column":12}},"2":{"start":{"line":18,"column":15},"end":{"line":46,"column":2}}},"fnMap":{"0":{"name":"(anonymous_0)","decl":{"start":{"line":4,"column":21},"end":{"line":4,"column":22}},"loc":{"start":{"line":5,"column":4},"end":{"line":16,"column":12}},"line":5}},"branchMap":{},"s":{"0":2,"1":9,"2":2},"f":{"0":9},"b":{},"_coverageSchema":"1a1c01bbd47fc00a2c39e90264f33305004495a9","hash":"7eda22b31a7448c0f7a59ec2eade484c21fcd9b7"}
,"/Users/edwardsuwirya/Desktop/React-Native/my-app/src/screens/login/LoginBloc.js": {"path":"/Users/edwardsuwirya/Desktop/React-Native/my-app/src/screens/login/LoginBloc.js","statementMap":{"0":{"start":{"line":4,"column":25},"end":{"line":41,"column":1}},"1":{"start":{"line":5,"column":36},"end":{"line":5,"column":48}},"2":{"start":{"line":6,"column":36},"end":{"line":6,"column":48}},"3":{"start":{"line":7,"column":40},"end":{"line":7,"column":55}},"4":{"start":{"line":8,"column":33},"end":{"line":8,"column":39}},"5":{"start":{"line":10,"column":27},"end":{"line":19,"column":5}},"6":{"start":{"line":11,"column":8},"end":{"line":11,"column":38}},"7":{"start":{"line":12,"column":23},"end":{"line":12,"column":67}},"8":{"start":{"line":13,"column":8},"end":{"line":13,"column":39}},"9":{"start":{"line":14,"column":8},"end":{"line":18,"column":9}},"10":{"start":{"line":15,"column":12},"end":{"line":15,"column":56}},"11":{"start":{"line":21,"column":36},"end":{"line":23,"column":5}},"12":{"start":{"line":22,"column":8},"end":{"line":22,"column":39}},"13":{"start":{"line":25,"column":33},"end":{"line":27,"column":5}},"14":{"start":{"line":26,"column":8},"end":{"line":26,"column":35}},"15":{"start":{"line":29,"column":33},"end":{"line":31,"column":5}},"16":{"start":{"line":30,"column":8},"end":{"line":30,"column":39}},"17":{"start":{"line":33,"column":4},"end":{"line":40,"column":6}}},"fnMap":{"0":{"name":"(anonymous_0)","decl":{"start":{"line":4,"column":25},"end":{"line":4,"column":26}},"loc":{"start":{"line":4,"column":35},"end":{"line":41,"column":1}},"line":4},"1":{"name":"(anonymous_1)","decl":{"start":{"line":10,"column":27},"end":{"line":10,"column":28}},"loc":{"start":{"line":10,"column":69},"end":{"line":19,"column":5}},"line":10},"2":{"name":"(anonymous_2)","decl":{"start":{"line":21,"column":36},"end":{"line":21,"column":37}},"loc":{"start":{"line":21,"column":56},"end":{"line":23,"column":5}},"line":21},"3":{"name":"(anonymous_3)","decl":{"start":{"line":25,"column":33},"end":{"line":25,"column":34}},"loc":{"start":{"line":25,"column":52},"end":{"line":27,"column":5}},"line":25},"4":{"name":"(anonymous_4)","decl":{"start":{"line":29,"column":33},"end":{"line":29,"column":34}},"loc":{"start":{"line":29,"column":56},"end":{"line":31,"column":5}},"line":29}},"branchMap":{"0":{"loc":{"start":{"line":14,"column":8},"end":{"line":18,"column":9}},"type":"if","locations":[{"start":{"line":14,"column":8},"end":{"line":18,"column":9}},{"start":{"line":16,"column":15},"end":{"line":18,"column":9}}],"line":14}},"s":{"0":1,"1":3,"2":3,"3":3,"4":3,"5":3,"6":1,"7":1,"8":1,"9":1,"10":1,"11":3,"12":2,"13":3,"14":0,"15":3,"16":0,"17":3},"f":{"0":3,"1":1,"2":2,"3":0,"4":0},"b":{"0":[1,0]},"_coverageSchema":"1a1c01bbd47fc00a2c39e90264f33305004495a9","hash":"3a9eddd7bb5c92fb8d3d3b77de9bd110735bc210"}
,"/Users/edwardsuwirya/Desktop/React-Native/my-app/src/screens/login/LoginScreen.js": {"path":"/Users/edwardsuwirya/Desktop/React-Native/my-app/src/screens/login/LoginScreen.js","statementMap":{"0":{"start":{"line":5,"column":20},"end":{"line":35,"column":1}},"1":{"start":{"line":13,"column":8},"end":{"line":13,"column":14}},"2":{"start":{"line":15,"column":4},"end":{"line":34,"column":6}},"3":{"start":{"line":29,"column":57},"end":{"line":29,"column":103}},"4":{"start":{"line":38,"column":15},"end":{"line":65,"column":2}}},"fnMap":{"0":{"name":"(anonymous_0)","decl":{"start":{"line":5,"column":20},"end":{"line":5,"column":21}},"loc":{"start":{"line":5,"column":44},"end":{"line":35,"column":1}},"line":5},"1":{"name":"(anonymous_1)","decl":{"start":{"line":29,"column":51},"end":{"line":29,"column":52}},"loc":{"start":{"line":29,"column":57},"end":{"line":29,"column":103}},"line":29}},"branchMap":{},"s":{"0":1,"1":6,"2":6,"3":2,"4":1},"f":{"0":6,"1":2},"b":{},"_coverageSchema":"1a1c01bbd47fc00a2c39e90264f33305004495a9","hash":"b153ed585b7b3a8d9763d89eb69ee74931cd375e"}
,"/Users/edwardsuwirya/Desktop/React-Native/my-app/src/screens/material/MaterialItem.js": {"path":"/Users/edwardsuwirya/Desktop/React-Native/my-app/src/screens/material/MaterialItem.js","statementMap":{"0":{"start":{"line":4,"column":21},"end":{"line":18,"column":1}},"1":{"start":{"line":5,"column":24},"end":{"line":9,"column":5}},"2":{"start":{"line":6,"column":8},"end":{"line":8,"column":10}},"3":{"start":{"line":10,"column":4},"end":{"line":17,"column":5}},"4":{"start":{"line":19,"column":15},"end":{"line":34,"column":2}}},"fnMap":{"0":{"name":"(anonymous_0)","decl":{"start":{"line":4,"column":21},"end":{"line":4,"column":22}},"loc":{"start":{"line":4,"column":57},"end":{"line":18,"column":1}},"line":4},"1":{"name":"(anonymous_1)","decl":{"start":{"line":5,"column":24},"end":{"line":5,"column":25}},"loc":{"start":{"line":5,"column":30},"end":{"line":9,"column":5}},"line":5}},"branchMap":{},"s":{"0":1,"1":5,"2":1,"3":5,"4":1},"f":{"0":5,"1":1},"b":{},"_coverageSchema":"1a1c01bbd47fc00a2c39e90264f33305004495a9","hash":"82e98cc0ff12f2a3d358cd02463e2a86ee11779e"}
,"/Users/edwardsuwirya/Desktop/React-Native/my-app/src/screens/material/MaterialScreen.js": {"path":"/Users/edwardsuwirya/Desktop/React-Native/my-app/src/screens/material/MaterialScreen.js","statementMap":{"0":{"start":{"line":7,"column":23},"end":{"line":26,"column":1}},"1":{"start":{"line":11,"column":8},"end":{"line":11,"column":14}},"2":{"start":{"line":12,"column":4},"end":{"line":25,"column":6}},"3":{"start":{"line":19,"column":24},"end":{"line":19,"column":94}},"4":{"start":{"line":21,"column":42},"end":{"line":21,"column":49}},"5":{"start":{"line":28,"column":15},"end":{"line":47,"column":2}}},"fnMap":{"0":{"name":"(anonymous_0)","decl":{"start":{"line":7,"column":23},"end":{"line":7,"column":24}},"loc":{"start":{"line":7,"column":47},"end":{"line":26,"column":1}},"line":7},"1":{"name":"(anonymous_1)","decl":{"start":{"line":18,"column":32},"end":{"line":18,"column":33}},"loc":{"start":{"line":19,"column":24},"end":{"line":19,"column":94}},"line":19},"2":{"name":"(anonymous_2)","decl":{"start":{"line":21,"column":34},"end":{"line":21,"column":35}},"loc":{"start":{"line":21,"column":42},"end":{"line":21,"column":49}},"line":21}},"branchMap":{},"s":{"0":1,"1":3,"2":3,"3":4,"4":4,"5":1},"f":{"0":3,"1":4,"2":4},"b":{},"_coverageSchema":"1a1c01bbd47fc00a2c39e90264f33305004495a9","hash":"f903bd05cb2c89a951cb082b11562703d6967fc8"}
}
